
=== Wed Feb 13 09:11:52 2019

Packages were changed.
Update Mode: updateDependencies

The following packages were added:
  com.unity.collab-proxy@1.2.15
The following packages were updated:
  com.unity.analytics from version 2.0.16 to 3.2.2
  com.unity.package-manager-ui from version 1.9.11 to 2.0.3
  com.unity.render-pipelines.core from version 3.0.0-preview to 4.1.0-preview
  com.unity.render-pipelines.high-definition from version 3.0.0-preview to 4.1.0-preview
  com.unity.render-pipelines.lightweight from version 3.0.0-preview to 4.1.0-preview
  com.unity.shadergraph from version 3.0.0-preview to 4.1.0-preview
  com.unity.textmeshpro from version 1.2.4 to 1.3.0

=== Sat Feb 16 11:21:20 2019

Packages were changed.
Update Mode: updateDependencies

The following packages were added:
  com.unity.timeline@1.0.0
  com.unity.xr.legacyinputhelpers@1.0.0
The following packages were updated:
  com.unity.package-manager-ui from version 2.0.3 to 2.1.1
  com.unity.render-pipelines.core from version 4.9.0-preview to 5.2.3
  com.unity.render-pipelines.high-definition from version 4.9.0-preview to 5.2.3-preview
  com.unity.render-pipelines.lightweight from version 4.9.0-preview to 5.2.3
  com.unity.shadergraph from version 4.9.0-preview to 5.2.3
